<?xml version="1.0" encoding="UTF-8"?>
<checkstyle version="9.3">
<file name="C:\Users\carlk\Documents\GitHub\study space\sem2\objoriented\cwk1\cwk1\src\test\java\BasicTests.java">
<error line="23" column="3" severity="warning" message="Each variable declaration must be in its own statement." source="com.puppycrawl.tools.checkstyle.checks.coding.MultipleVariableDeclarationsCheck"/>
<error line="24" column="3" severity="warning" message="Each variable declaration must be in its own statement." source="com.puppycrawl.tools.checkstyle.checks.coding.MultipleVariableDeclarationsCheck"/>
<error line="25" column="3" severity="warning" message="Each variable declaration must be in its own statement." source="com.puppycrawl.tools.checkstyle.checks.coding.MultipleVariableDeclarationsCheck"/>
<error line="162" severity="warning" message="Line is longer than 100 characters (found 101)." source="com.puppycrawl.tools.checkstyle.checks.sizes.LineLengthCheck"/>
</file>
<file name="C:\Users\carlk\Documents\GitHub\study space\sem2\objoriented\cwk1\cwk1\src\test\java\FullTests.java">
<error line="9" column="15" severity="warning" message="Unused import - org.junit.jupiter.api.Assertions.assertAll." source="com.puppycrawl.tools.checkstyle.checks.imports.UnusedImportsCheck"/>
<error line="19" column="3" severity="warning" message="Each variable declaration must be in its own statement." source="com.puppycrawl.tools.checkstyle.checks.coding.MultipleVariableDeclarationsCheck"/>
<error line="20" column="3" severity="warning" message="Each variable declaration must be in its own statement." source="com.puppycrawl.tools.checkstyle.checks.coding.MultipleVariableDeclarationsCheck"/>
<error line="21" column="3" severity="warning" message="Each variable declaration must be in its own statement." source="com.puppycrawl.tools.checkstyle.checks.coding.MultipleVariableDeclarationsCheck"/>
</file>
</checkstyle>
